<?xml version="1.0" encoding="UTF-8"?>
<!-- Generated by org.testng.reporters.JUnitReportReporter -->
<testsuite hostname="SahilBhayana" failures="0" tests="1" name="cpm.test.simpleCRUDwithTekarchAPI.LoginToApi" time="1.884" errors="0" timestamp="2022-10-19T16:43:51 PDT" skipped="0">
  <testcase classname="cpm.test.simpleCRUDwithTekarchAPI.LoginToApi" name="loginToApi" time="1.884"/>
  <system-out/>
</testsuite> <!-- cpm.test.simpleCRUDwithTekarchAPI.LoginToApi -->
